This file contains any messages produced by compilers while
running configure, to aid debugging if configure makes a mistake.

It was created by RQuantlib configure 0.4.2, which was
generated by GNU Autoconf 2.69.  Invocation command line was

  $ ./configure 

## --------- ##
## Platform. ##
## --------- ##

hostname = MacBook-Pro.local
uname -m = x86_64
uname -r = 15.2.0
uname -s = Darwin
uname -v = Darwin Kernel Version 15.2.0: Fri Nov 13 19:56:56 PST 2015; root:xnu-3248.20.55~2/RELEASE_X86_64

/usr/bin/uname -p = i386
/bin/uname -X     = unknown

/bin/arch              = unknown
/usr/bin/arch -k       = unknown
/usr/convex/getsysinfo = unknown
/usr/bin/hostinfo      = Mach kernel version:
	 Darwin Kernel Version 15.2.0: Fri Nov 13 19:56:56 PST 2015; root:xnu-3248.20.55~2/RELEASE_X86_64
Kernel configured for up to 8 processors.
4 processors are physically available.
8 processors are logically available.
Processor type: x86_64h (Intel x86-64h Haswell)
Processors active: 0 1 2 3 4 5 6 7
Primary memory available: 16.00 gigabytes
Default processor set: 350 tasks, 2026 threads, 8 processors
Load average: 3.51, Mach factor: 4.60
/bin/machine           = unknown
/usr/bin/oslevel       = unknown
/bin/universe          = unknown

PATH: /usr/bin
PATH: /bin
PATH: /usr/sbin
PATH: /sbin
PATH: /usr/local/bin
PATH: /opt/X11/bin
PATH: /usr/local/git/bin
PATH: /Library/TeX/texbin
PATH: /opt/local/bin


## ----------- ##
## Core tests. ##
## ----------- ##

configure:1845: checking for g++
configure:1861: found /usr/bin/g++
configure:1872: result: g++
configure:1899: checking for C++ compiler version
configure:1908: g++ --version >&5
Apple LLVM version 7.0.2 (clang-700.1.81)
Target: x86_64-apple-darwin15.2.0
Thread model: posix
Configured with: --prefix=/Applications/Xcode.app/Contents/Developer/usr --with-gxx-include-dir=/usr/include/c++/4.2.1
configure:1919: $? = 0
configure:1908: g++ -v >&5
Configured with: --prefix=/Applications/Xcode.app/Contents/Developer/usr --with-gxx-include-dir=/usr/include/c++/4.2.1
Apple LLVM version 7.0.2 (clang-700.1.81)
Target: x86_64-apple-darwin15.2.0
Thread model: posix
configure:1919: $? = 0
configure:1908: g++ -V >&5
clang: error: argument to '-V' is missing (expected 1 value)
clang: error: no input files
configure:1919: $? = 1
configure:1908: g++ -qversion >&5
clang: error: unknown argument: '-qversion'
clang: error: no input files
configure:1919: $? = 1
configure:1939: checking whether the C++ compiler works
configure:1961: g++    conftest.cpp  >&5
configure:1965: $? = 0
configure:2013: result: yes
configure:2016: checking for C++ compiler default output file name
configure:2018: result: a.out
configure:2024: checking for suffix of executables
configure:2031: g++ -o conftest    conftest.cpp  >&5
configure:2035: $? = 0
configure:2057: result: 
configure:2079: checking whether we are cross compiling
configure:2087: g++ -o conftest    conftest.cpp  >&5
configure:2091: $? = 0
configure:2098: ./conftest
configure:2102: $? = 0
configure:2117: result: no
configure:2122: checking for suffix of object files
configure:2144: g++ -c   conftest.cpp >&5
configure:2148: $? = 0
configure:2169: result: o
configure:2173: checking whether we are using the GNU C++ compiler
configure:2192: g++ -c   conftest.cpp >&5
configure:2192: $? = 0
configure:2201: result: yes
configure:2210: checking whether g++ accepts -g
configure:2230: g++ -c -g  conftest.cpp >&5
configure:2230: $? = 0
configure:2271: result: yes
configure:2300: checking how to run the C++ preprocessor
configure:2327: g++ -E  conftest.cpp
configure:2327: $? = 0
configure:2341: g++ -E  conftest.cpp
conftest.cpp:9:10: fatal error: 'ac_nonexistent.h' file not found
#include <ac_nonexistent.h>
         ^
1 error generated.
configure:2341: $? = 1
configure: failed program was:
| /* confdefs.h */
| #define PACKAGE_NAME "RQuantlib"
| #define PACKAGE_TARNAME "rquantlib"
| #define PACKAGE_VERSION "0.4.2"
| #define PACKAGE_STRING "RQuantlib 0.4.2"
| #define PACKAGE_BUGREPORT ""
| #define PACKAGE_URL ""
| /* end confdefs.h.  */
| #include <ac_nonexistent.h>
configure:2366: result: g++ -E
configure:2386: g++ -E  conftest.cpp
configure:2386: $? = 0
configure:2400: g++ -E  conftest.cpp
conftest.cpp:9:10: fatal error: 'ac_nonexistent.h' file not found
#include <ac_nonexistent.h>
         ^
1 error generated.
configure:2400: $? = 1
configure: failed program was:
| /* confdefs.h */
| #define PACKAGE_NAME "RQuantlib"
| #define PACKAGE_TARNAME "rquantlib"
| #define PACKAGE_VERSION "0.4.2"
| #define PACKAGE_STRING "RQuantlib 0.4.2"
| #define PACKAGE_BUGREPORT ""
| #define PACKAGE_URL ""
| /* end confdefs.h.  */
| #include <ac_nonexistent.h>
configure:2543: checking for C++ compiler version
configure:2552: g++ --version >&5
Apple LLVM version 7.0.2 (clang-700.1.81)
Target: x86_64-apple-darwin15.2.0
Thread model: posix
Configured with: --prefix=/Applications/Xcode.app/Contents/Developer/usr --with-gxx-include-dir=/usr/include/c++/4.2.1
configure:2563: $? = 0
configure:2552: g++ -v >&5
Configured with: --prefix=/Applications/Xcode.app/Contents/Developer/usr --with-gxx-include-dir=/usr/include/c++/4.2.1
Apple LLVM version 7.0.2 (clang-700.1.81)
Target: x86_64-apple-darwin15.2.0
Thread model: posix
configure:2563: $? = 0
configure:2552: g++ -V >&5
clang: error: argument to '-V' is missing (expected 1 value)
clang: error: no input files
configure:2563: $? = 1
configure:2552: g++ -qversion >&5
clang: error: unknown argument: '-qversion'
clang: error: no input files
configure:2563: $? = 1
configure:2567: checking whether we are using the GNU C++ compiler
configure:2595: result: yes
configure:2604: checking whether g++ accepts -g
configure:2665: result: yes
configure:2706: checking for R
configure:2736: result: no
configure:2780: checking for quantlib-config
configure:2796: found /opt/local/bin/quantlib-config
configure:2807: result: yes
configure:2886: checking for Boost development files
configure:2902: clang++ -c -Wall -mtune=core2 -g -O2  -I/opt/local/include -I/opt/local/include   conftest.cpp >&5
configure:2902: $? = 0
configure:2903: result: yes
configure:2913: checking for minimal Boost version
configure:2929: clang++ -c -Wall -mtune=core2 -g -O2  -I/opt/local/include -I/opt/local/include   conftest.cpp >&5
configure:2929: $? = 0
configure:2930: result: yes
configure:3099: creating ./config.status

## ---------------------- ##
## Running config.status. ##
## ---------------------- ##

This file was extended by RQuantlib config.status 0.4.2, which was
generated by GNU Autoconf 2.69.  Invocation command line was

  CONFIG_FILES    = 
  CONFIG_HEADERS  = 
  CONFIG_LINKS    = 
  CONFIG_COMMANDS = 
  $ ./config.status 

on MacBook-Pro.local

config.status:722: creating src/Makevars

## ---------------- ##
## Cache variables. ##
## ---------------- ##

ac_cv_cxx_compiler_gnu=yes
ac_cv_env_CCC_set=
ac_cv_env_CCC_value=
ac_cv_env_CPPFLAGS_set=
ac_cv_env_CPPFLAGS_value=
ac_cv_env_CXXCPP_set=
ac_cv_env_CXXCPP_value=
ac_cv_env_CXXFLAGS_set=
ac_cv_env_CXXFLAGS_value=
ac_cv_env_CXX_set=
ac_cv_env_CXX_value=
ac_cv_env_LDFLAGS_set=
ac_cv_env_LDFLAGS_value=
ac_cv_env_LIBS_set=
ac_cv_env_LIBS_value=
ac_cv_env_build_alias_set=
ac_cv_env_build_alias_value=
ac_cv_env_host_alias_set=
ac_cv_env_host_alias_value=
ac_cv_env_target_alias_set=
ac_cv_env_target_alias_value=
ac_cv_objext=o
ac_cv_prog_CXXCPP='g++ -E'
ac_cv_prog_QUANTLIB=yes
ac_cv_prog_ac_ct_CXX=g++
ac_cv_prog_cxx_g=yes

## ----------------- ##
## Output variables. ##
## ----------------- ##

CPPFLAGS=''
CXX='clang++'
CXXCPP='g++ -E'
CXXFLAGS='-Wall -mtune=core2 -g -O2  -I/opt/local/include -I/opt/local/include '
DEFS='-DPACKAGE_NAME=\"RQuantlib\" -DPACKAGE_TARNAME=\"rquantlib\" -DPACKAGE_VERSION=\"0.4.2\" -DPACKAGE_STRING=\"RQuantlib\ 0.4.2\" -DPACKAGE_BUGREPORT=\"\" -DPACKAGE_URL=\"\"'
ECHO_C='\c'
ECHO_N=''
ECHO_T=''
EXEEXT=''
LDFLAGS=' -L/opt/local/lib -L/opt/local/lib -lQuantLib'
LIBOBJS=''
LIBS=''
LTLIBOBJS=''
OBJEXT='o'
PACKAGE_BUGREPORT=''
PACKAGE_NAME='RQuantlib'
PACKAGE_STRING='RQuantlib 0.4.2'
PACKAGE_TARNAME='rquantlib'
PACKAGE_URL=''
PACKAGE_VERSION='0.4.2'
PATH_SEPARATOR=':'
QUANTLIB='yes'
R=''
SHELL='/bin/sh'
ac_ct_CXX='g++'
bindir='${exec_prefix}/bin'
build_alias=''
datadir='${datarootdir}'
datarootdir='${prefix}/share'
docdir='${datarootdir}/doc/${PACKAGE_TARNAME}'
dvidir='${docdir}'
exec_prefix='${prefix}'
host_alias=''
htmldir='${docdir}'
includedir='${prefix}/include'
infodir='${datarootdir}/info'
libdir='${exec_prefix}/lib'
libexecdir='${exec_prefix}/libexec'
localedir='${datarootdir}/locale'
localstatedir='${prefix}/var'
mandir='${datarootdir}/man'
oldincludedir='/usr/include'
pdfdir='${docdir}'
prefix='/usr/local'
program_transform_name='s,x,x,'
psdir='${docdir}'
sbindir='${exec_prefix}/sbin'
sharedstatedir='${prefix}/com'
sysconfdir='${prefix}/etc'
target_alias=''

## ----------- ##
## confdefs.h. ##
## ----------- ##

/* confdefs.h */
#define PACKAGE_NAME "RQuantlib"
#define PACKAGE_TARNAME "rquantlib"
#define PACKAGE_VERSION "0.4.2"
#define PACKAGE_STRING "RQuantlib 0.4.2"
#define PACKAGE_BUGREPORT ""
#define PACKAGE_URL ""

configure: exit 0
